---------------------------
Event- 5
Timestamp- 126972287
---------------------------
---------------------------
Event- 6
Timestamp- 151575202
---------------------------
Output written to /home2/user/u0100486/linux/doctorate/github/tracker_exp/output/output_run_53_5_6.root
---------------------------
Event- 1
Timestamp- 114499758
---------------------------
---------------------------
Event- 2
Timestamp- 122593563
---------------------------
Output written to /home2/user/u0100486/linux/doctorate/github/tracker_exp/output/output_run_53_1_2.root
---------------------------
Event- 3
Timestamp- 123360539
---------------------------
---------------------------
Event- 4
Timestamp- 125174535
---------------------------
Warning: Duplicate rows detected.
Warning: Duplicate rows detected.
Warning: Duplicate rows detected.
Warning: Duplicate rows detected.
Warning: Duplicate rows detected.
Warning: Duplicate rows detected.
Warning: Duplicate rows detected.
Warning: Duplicate rows detected.
Warning: Duplicate rows detected.
Warning: Duplicate rows detected.
Warning: Duplicate rows detected.
Warning: Duplicate rows detected.
Output written to /home2/user/u0100486/linux/doctorate/github/tracker_exp/output/output_run_53_3_4.root
---------------------------
Event- 7
Timestamp- 152445979
---------------------------
---------------------------
Event- 8
Timestamp- 154191106
---------------------------
Output written to /home2/user/u0100486/linux/doctorate/github/tracker_exp/output/output_run_53_7_8.root
---------------------------
Event- 9
Timestamp- 157138881
---------------------------
---------------------------
Event- 10
Timestamp- 160012410
---------------------------
Output written to /home2/user/u0100486/linux/doctorate/github/tracker_exp/output/output_run_53_9_10.root
